<?xml version="1.0" encoding="UTF-8"?>
<coverage generated="1615583408002" clover="3.2.0">
  <project timestamp="1615583408002" name="All files">
    <metrics statements="39" coveredstatements="39" conditionals="6" coveredconditionals="6" methods="8" coveredmethods="8" elements="53" coveredelements="53" complexity="0" loc="39" ncloc="39" packages="1" files="1" classes="1"/>
    <file name="index.js" path="C:\Users\jfeli\OneDrive\Cursos\Rocketseat\Ignite\NodeJS\ignite-desafio-corrigindo-o-codigo\src\index.js">
      <metrics statements="39" coveredstatements="39" conditionals="6" coveredconditionals="6" methods="8" coveredmethods="8"/>
      <line num="1" count="2" type="stmt"/>
      <line num="3" count="2" type="stmt"/>
      <line num="5" count="2" type="stmt"/>
      <line num="7" count="2" type="stmt"/>
      <line num="9" count="2" type="stmt"/>
      <line num="11" count="2" type="stmt"/>
      <line num="12" count="3" type="stmt"/>
      <line num="15" count="2" type="stmt"/>
      <line num="16" count="6" type="stmt"/>
      <line num="18" count="6" type="stmt"/>
      <line num="26" count="6" type="stmt"/>
      <line num="28" count="6" type="stmt"/>
      <line num="31" count="2" type="stmt"/>
      <line num="32" count="3" type="stmt"/>
      <line num="33" count="3" type="stmt"/>
      <line num="35" count="10" type="stmt"/>
      <line num="37" count="3" type="cond" truecount="2" falsecount="0"/>
      <line num="38" count="1" type="stmt"/>
      <line num="41" count="2" type="stmt"/>
      <line num="42" count="2" type="stmt"/>
      <line num="43" count="2" type="stmt"/>
      <line num="45" count="2" type="stmt"/>
      <line num="48" count="2" type="stmt"/>
      <line num="49" count="2" type="stmt"/>
      <line num="51" count="2" type="stmt"/>
      <line num="52" count="9" type="stmt"/>
      <line num="55" count="2" type="cond" truecount="2" falsecount="0"/>
      <line num="56" count="1" type="stmt"/>
      <line num="59" count="1" type="stmt"/>
      <line num="61" count="1" type="stmt"/>
      <line num="64" count="2" type="stmt"/>
      <line num="65" count="3" type="stmt"/>
      <line num="67" count="3" type="stmt"/>
      <line num="68" count="3" type="stmt"/>
      <line num="71" count="3" type="cond" truecount="2" falsecount="0"/>
      <line num="72" count="1" type="stmt"/>
      <line num="75" count="2" type="stmt"/>
      <line num="77" count="2" type="stmt"/>
      <line num="80" count="2" type="stmt"/>
    </file>
  </project>
</coverage>
