{"C:\\Users\\jfeli\\OneDrive\\Cursos\\Rocketseat\\Ignite\\NodeJS\\ignite-desafio-corrigindo-o-codigo\\src\\index.js": {"path":"C:\\Users\\jfeli\\OneDrive\\Cursos\\Rocketseat\\Ignite\\NodeJS\\ignite-desafio-corrigindo-o-codigo\\src\\index.js","statementMap":{"0":{"start":{"line":1,"column":16},"end":{"line":1,"column":34}},"1":{"start":{"line":3,"column":21},"end":{"line":3,"column":36}},"2":{"start":{"line":5,"column":12},"end":{"line":5,"column":21}},"3":{"start":{"line":7,"column":0},"end":{"line":7,"column":24}},"4":{"start":{"line":9,"column":21},"end":{"line":9,"column":23}},"5":{"start":{"line":11,"column":0},"end":{"line":13,"column":3}},"6":{"start":{"line":12,"column":2},"end":{"line":12,"column":37}},"7":{"start":{"line":15,"column":0},"end":{"line":29,"column":3}},"8":{"start":{"line":16,"column":32},"end":{"line":16,"column":44}},"9":{"start":{"line":18,"column":21},"end":{"line":24,"column":3}},"10":{"start":{"line":26,"column":2},"end":{"line":26,"column":32}},"11":{"start":{"line":28,"column":2},"end":{"line":28,"column":47}},"12":{"start":{"line":31,"column":0},"end":{"line":46,"column":3}},"13":{"start":{"line":32,"column":17},"end":{"line":32,"column":31}},"14":{"start":{"line":33,"column":32},"end":{"line":33,"column":44}},"15":{"start":{"line":35,"column":21},"end":{"line":35,"column":76}},"16":{"start":{"line":35,"column":55},"end":{"line":35,"column":75}},"17":{"start":{"line":37,"column":2},"end":{"line":39,"column":3}},"18":{"start":{"line":38,"column":4},"end":{"line":38,"column":72}},"19":{"start":{"line":41,"column":2},"end":{"line":41,"column":27}},"20":{"start":{"line":42,"column":2},"end":{"line":42,"column":23}},"21":{"start":{"line":43,"column":2},"end":{"line":43,"column":27}},"22":{"start":{"line":45,"column":2},"end":{"line":45,"column":35}},"23":{"start":{"line":48,"column":0},"end":{"line":62,"column":3}},"24":{"start":{"line":49,"column":17},"end":{"line":49,"column":31}},"25":{"start":{"line":51,"column":2},"end":{"line":53,"column":4}},"26":{"start":{"line":52,"column":20},"end":{"line":52,"column":40}},"27":{"start":{"line":55,"column":2},"end":{"line":57,"column":3}},"28":{"start":{"line":56,"column":4},"end":{"line":56,"column":72}},"29":{"start":{"line":59,"column":2},"end":{"line":59,"column":42}},"30":{"start":{"line":61,"column":2},"end":{"line":61,"column":37}},"31":{"start":{"line":64,"column":0},"end":{"line":78,"column":3}},"32":{"start":{"line":65,"column":17},"end":{"line":65,"column":31}},"33":{"start":{"line":67,"column":2},"end":{"line":69,"column":4}},"34":{"start":{"line":68,"column":20},"end":{"line":68,"column":40}},"35":{"start":{"line":71,"column":2},"end":{"line":73,"column":3}},"36":{"start":{"line":72,"column":4},"end":{"line":72,"column":72}},"37":{"start":{"line":75,"column":2},"end":{"line":75,"column":40}},"38":{"start":{"line":77,"column":2},"end":{"line":77,"column":66}},"39":{"start":{"line":80,"column":0},"end":{"line":80,"column":21}}},"fnMap":{"0":{"name":"(anonymous_0)","decl":{"start":{"line":11,"column":25},"end":{"line":11,"column":26}},"loc":{"start":{"line":11,"column":48},"end":{"line":13,"column":1}},"line":11},"1":{"name":"(anonymous_1)","decl":{"start":{"line":15,"column":26},"end":{"line":15,"column":27}},"loc":{"start":{"line":15,"column":49},"end":{"line":29,"column":1}},"line":15},"2":{"name":"(anonymous_2)","decl":{"start":{"line":31,"column":29},"end":{"line":31,"column":30}},"loc":{"start":{"line":31,"column":52},"end":{"line":46,"column":1}},"line":31},"3":{"name":"(anonymous_3)","decl":{"start":{"line":35,"column":39},"end":{"line":35,"column":40}},"loc":{"start":{"line":35,"column":55},"end":{"line":35,"column":75}},"line":35},"4":{"name":"(anonymous_4)","decl":{"start":{"line":48,"column":32},"end":{"line":48,"column":33}},"loc":{"start":{"line":48,"column":55},"end":{"line":62,"column":1}},"line":48},"5":{"name":"(anonymous_5)","decl":{"start":{"line":52,"column":4},"end":{"line":52,"column":5}},"loc":{"start":{"line":52,"column":20},"end":{"line":52,"column":40}},"line":52},"6":{"name":"(anonymous_6)","decl":{"start":{"line":64,"column":35},"end":{"line":64,"column":36}},"loc":{"start":{"line":64,"column":58},"end":{"line":78,"column":1}},"line":64},"7":{"name":"(anonymous_7)","decl":{"start":{"line":68,"column":4},"end":{"line":68,"column":5}},"loc":{"start":{"line":68,"column":20},"end":{"line":68,"column":40}},"line":68}},"branchMap":{"0":{"loc":{"start":{"line":37,"column":2},"end":{"line":39,"column":3}},"type":"if","locations":[{"start":{"line":37,"column":2},"end":{"line":39,"column":3}},{"start":{"line":37,"column":2},"end":{"line":39,"column":3}}],"line":37},"1":{"loc":{"start":{"line":55,"column":2},"end":{"line":57,"column":3}},"type":"if","locations":[{"start":{"line":55,"column":2},"end":{"line":57,"column":3}},{"start":{"line":55,"column":2},"end":{"line":57,"column":3}}],"line":55},"2":{"loc":{"start":{"line":71,"column":2},"end":{"line":73,"column":3}},"type":"if","locations":[{"start":{"line":71,"column":2},"end":{"line":73,"column":3}},{"start":{"line":71,"column":2},"end":{"line":73,"column":3}}],"line":71}},"s":{"0":2,"1":2,"2":2,"3":2,"4":2,"5":2,"6":3,"7":2,"8":6,"9":6,"10":6,"11":6,"12":2,"13":3,"14":3,"15":3,"16":10,"17":3,"18":1,"19":2,"20":2,"21":2,"22":2,"23":2,"24":2,"25":2,"26":9,"27":2,"28":1,"29":1,"30":1,"31":2,"32":3,"33":3,"34":3,"35":3,"36":1,"37":2,"38":2,"39":2},"f":{"0":3,"1":6,"2":3,"3":10,"4":2,"5":9,"6":3,"7":3},"b":{"0":[1,2],"1":[1,1],"2":[1,2]},"_coverageSchema":"1a1c01bbd47fc00a2c39e90264f33305004495a9","hash":"2c1227fee49ea24f4cba28e18f12af9fdc31b597"}
}
